TN:
SF:src/parsers/index.ts
FNF:0
FNH:0
LF:0
LH:0
BRF:0
BRH:0
end_of_record
TN:
SF:src/parsers/line-extractor.ts
FN:56,extractBetweenMarkersWithOptions
FN:117,extractBetweenMarkers
FN:122,(anonymous_2)
FN:161,extractLines
FN:176,(anonymous_4)
FN:203,parseLineSpec
FN:247,countLines
FN:258,trimTrailingEmptyLines
FN:299,extractLineRange
FN:365,applyFilterChain
FNF:10
FNH:0
FNDA:0,extractBetweenMarkersWithOptions
FNDA:0,extractBetweenMarkers
FNDA:0,(anonymous_2)
FNDA:0,extractLines
FNDA:0,(anonymous_4)
FNDA:0,parseLineSpec
FNDA:0,countLines
FNDA:0,trimTrailingEmptyLines
FNDA:0,extractLineRange
FNDA:0,applyFilterChain
DA:62,0
DA:64,0
DA:65,0
DA:68,0
DA:69,0
DA:70,0
DA:73,0
DA:74,0
DA:75,0
DA:76,0
DA:77,0
DA:78,0
DA:82,0
DA:83,0
DA:86,0
DA:87,0
DA:91,0
DA:96,0
DA:98,0
DA:99,0
DA:103,0
DA:104,0
DA:108,0
DA:118,0
DA:119,0
DA:122,0
DA:124,0
DA:125,0
DA:131,0
DA:133,0
DA:162,0
DA:163,0
DA:166,0
DA:168,0
DA:169,0
DA:172,0
DA:173,0
DA:176,0
DA:178,0
DA:180,0
DA:181,0
DA:183,0
DA:185,0
DA:186,0
DA:189,0
DA:190,0
DA:194,0
DA:204,0
DA:205,0
DA:207,0
DA:208,0
DA:210,0
DA:212,0
DA:214,0
DA:215,0
DA:216,0
DA:218,0
DA:219,0
DA:220,0
DA:226,0
DA:228,0
DA:229,0
DA:234,0
DA:248,0
DA:249,0
DA:259,0
DA:261,0
DA:262,0
DA:265,0
DA:305,0
DA:306,0
DA:309,0
DA:310,0
DA:313,0
DA:314,0
DA:315,0
DA:319,0
DA:320,0
DA:321,0
DA:322,0
DA:325,0
DA:369,0
DA:372,0
DA:373,0
DA:382,0
DA:383,0
DA:390,0
DA:391,0
DA:394,0
DA:397,0
LF:90
LH:0
BRDA:60,0,0,0
BRDA:62,1,0,0
BRDA:64,2,0,0
BRDA:64,2,1,0
BRDA:64,3,0,0
BRDA:64,3,1,0
BRDA:74,4,0,0
BRDA:74,4,1,0
BRDA:74,5,0,0
BRDA:74,5,1,0
BRDA:76,6,0,0
BRDA:76,6,1,0
BRDA:76,7,0,0
BRDA:76,7,1,0
BRDA:82,8,0,0
BRDA:82,8,1,0
BRDA:86,9,0,0
BRDA:86,9,1,0
BRDA:91,10,0,0
BRDA:91,10,1,0
BRDA:96,11,0,0
BRDA:96,11,1,0
BRDA:98,12,0,0
BRDA:98,12,1,0
BRDA:103,13,0,0
BRDA:103,13,1,0
BRDA:118,14,0,0
BRDA:118,14,1,0
BRDA:124,15,0,0
BRDA:124,15,1,0
BRDA:162,16,0,0
BRDA:162,16,1,0
BRDA:168,17,0,0
BRDA:168,17,1,0
BRDA:183,18,0,0
BRDA:183,18,1,0
BRDA:183,19,0,0
BRDA:183,19,1,0
BRDA:185,20,0,0
BRDA:185,20,1,0
BRDA:185,21,0,0
BRDA:185,21,1,0
BRDA:210,22,0,0
BRDA:210,22,1,0
BRDA:214,23,0,0
BRDA:214,23,1,0
BRDA:218,24,0,0
BRDA:218,24,1,0
BRDA:218,25,0,0
BRDA:218,25,1,0
BRDA:218,25,2,0
BRDA:228,26,0,0
BRDA:228,26,1,0
BRDA:248,27,0,0
BRDA:248,27,1,0
BRDA:261,28,0,0
BRDA:261,28,1,0
BRDA:303,29,0,0
BRDA:305,30,0,0
BRDA:313,31,0,0
BRDA:313,31,1,0
BRDA:319,32,0,0
BRDA:319,32,1,0
BRDA:320,33,0,0
BRDA:320,33,1,0
BRDA:321,34,0,0
BRDA:321,34,1,0
BRDA:372,35,0,0
BRDA:372,35,1,0
BRDA:382,36,0,0
BRDA:382,36,1,0
BRDA:390,37,0,0
BRDA:390,37,1,0
BRDA:394,38,0,0
BRDA:394,38,1,0
BRF:75
BRH:0
end_of_record
TN:
SF:src/parsers/yaml-parser.ts
FN:63,parseBlockContent
FN:99,parseEmbeddedCodeBlock
FN:132,hasKnownYamlSections
FN:139,(anonymous_3)
FN:162,resolveBoolean
FN:183,resolveNumber
FN:202,resolveString
FN:220,isValidRegex
FN:235,createSafeRegex
FN:254,getSection
FN:268,parseMetaSection
FN:284,parseRenderDisplaySection
FN:332,parseLineRange
FN:344,(anonymous_13)
FN:359,parseFilterSection
FN:401,parseTextStyleSubsection
FN:425,parseRenderCmdoutSection
FN:441,parseNestedYamlConfig
FN:461,resolveBlockConfig
FN:523,resolveCmdoutConfig
FNF:20
FNH:20
FNDA:12,parseBlockContent
FNDA:5,parseEmbeddedCodeBlock
FNDA:6,hasKnownYamlSections
FNDA:15,(anonymous_3)
FNDA:39,resolveBoolean
FNDA:23,resolveNumber
FNDA:13,resolveString
FNDA:10,isValidRegex
FNDA:7,createSafeRegex
FNDA:49,getSection
FNDA:13,parseMetaSection
FNDA:14,parseRenderDisplaySection
FNDA:26,parseLineRange
FNDA:19,(anonymous_13)
FNDA:12,parseFilterSection
FNDA:30,parseTextStyleSubsection
FNDA:10,parseRenderCmdoutSection
FNDA:5,parseNestedYamlConfig
FNDA:14,resolveBlockConfig
FNDA:10,resolveCmdoutConfig
DA:64,12
DA:66,12
DA:67,5
DA:71,7
DA:72,7
DA:74,7
DA:75,5
DA:86,2
DA:100,5
DA:101,5
DA:104,5
DA:105,5
DA:108,5
DA:109,5
DA:112,5
DA:116,5
DA:133,6
DA:139,15
DA:163,39
DA:164,2
DA:167,37
DA:184,23
DA:185,2
DA:188,21
DA:192,23
DA:203,13
DA:204,2
DA:207,11
DA:221,10
DA:222,10
DA:223,10
DA:225,3
DA:236,7
DA:237,7
DA:239,3
DA:255,49
DA:256,49
DA:257,28
DA:259,21
DA:269,13
DA:271,13
DA:285,14
DA:287,14
DA:334,26
DA:335,9
DA:336,9
DA:337,9
DA:338,6
DA:343,20
DA:344,19
DA:345,10
DA:346,3
DA:350,17
DA:360,12
DA:361,12
DA:364,12
DA:365,12
DA:366,4
DA:367,4
DA:376,12
DA:377,12
DA:378,4
DA:379,4
DA:392,12
DA:402,30
DA:403,22
DA:406,8
DA:426,10
DA:428,10
DA:442,5
DA:467,14
DA:472,14
DA:474,14
DA:529,10
DA:530,2
DA:534,10
DA:546,10
LF:77
LH:77
BRDA:66,0,0,5
BRDA:66,0,1,7
BRDA:74,1,0,5
BRDA:74,1,1,2
BRDA:74,2,0,7
BRDA:74,2,1,7
BRDA:74,2,2,6
BRDA:108,3,0,5
BRDA:108,3,1,0
BRDA:112,4,0,5
BRDA:112,4,1,0
BRDA:117,5,0,5
BRDA:117,5,1,0
BRDA:163,6,0,2
BRDA:163,6,1,37
BRDA:167,7,0,37
BRDA:167,7,1,26
BRDA:184,8,0,2
BRDA:184,8,1,21
BRDA:188,9,0,7
BRDA:188,9,1,14
BRDA:192,10,0,7
BRDA:192,10,1,14
BRDA:203,11,0,2
BRDA:203,11,1,11
BRDA:203,12,0,13
BRDA:203,12,1,12
BRDA:256,13,0,28
BRDA:256,13,1,21
BRDA:256,14,0,49
BRDA:256,14,1,32
BRDA:256,14,2,29
BRDA:272,15,0,4
BRDA:272,15,1,9
BRDA:273,16,0,4
BRDA:273,16,1,9
BRDA:274,17,0,3
BRDA:274,17,1,10
BRDA:288,18,0,3
BRDA:288,18,1,11
BRDA:291,19,0,2
BRDA:291,19,1,12
BRDA:294,20,0,3
BRDA:294,20,1,11
BRDA:297,21,0,2
BRDA:297,21,1,12
BRDA:300,22,0,2
BRDA:300,22,1,12
BRDA:303,23,0,3
BRDA:303,23,1,11
BRDA:306,24,0,2
BRDA:306,24,1,12
BRDA:309,25,0,1
BRDA:309,25,1,13
BRDA:313,26,0,3
BRDA:313,26,1,11
BRDA:313,27,0,14
BRDA:313,27,1,12
BRDA:314,28,0,3
BRDA:314,28,1,1
BRDA:316,29,0,1
BRDA:316,29,1,13
BRDA:334,30,0,9
BRDA:334,30,1,17
BRDA:334,31,0,26
BRDA:334,31,1,12
BRDA:337,32,0,6
BRDA:337,32,1,3
BRDA:337,33,0,9
BRDA:337,33,1,9
BRDA:337,33,2,9
BRDA:337,33,3,7
BRDA:343,34,0,10
BRDA:343,34,1,10
BRDA:345,35,0,3
BRDA:345,35,1,7
BRDA:345,36,0,10
BRDA:345,36,1,7
BRDA:345,36,2,6
BRDA:345,36,3,5
BRDA:345,36,4,4
BRDA:365,37,0,4
BRDA:365,37,1,8
BRDA:365,38,0,12
BRDA:365,38,1,5
BRDA:365,38,2,4
BRDA:369,39,0,3
BRDA:369,39,1,1
BRDA:377,40,0,4
BRDA:377,40,1,8
BRDA:377,41,0,12
BRDA:377,41,1,5
BRDA:377,41,2,5
BRDA:380,42,0,3
BRDA:380,42,1,1
BRDA:383,43,0,2
BRDA:383,43,1,2
BRDA:386,44,0,2
BRDA:386,44,1,2
BRDA:402,45,0,22
BRDA:402,45,1,8
BRDA:402,46,0,30
BRDA:402,46,1,8
BRDA:407,47,0,7
BRDA:407,47,1,1
BRDA:410,48,0,5
BRDA:410,48,1,3
BRDA:413,49,0,5
BRDA:413,49,1,3
BRDA:447,50,0,2
BRDA:447,50,1,3
BRDA:467,51,0,3
BRDA:467,51,1,11
BRDA:472,52,0,14
BRDA:472,52,1,3
BRDA:476,53,0,14
BRDA:476,53,1,13
BRDA:477,54,0,14
BRDA:477,54,1,13
BRDA:478,55,0,14
BRDA:478,55,1,13
BRDA:481,56,0,14
BRDA:481,56,1,13
BRDA:482,57,0,14
BRDA:482,57,1,13
BRDA:483,58,0,14
BRDA:483,58,1,13
BRDA:484,59,0,14
BRDA:484,59,1,13
BRDA:485,60,0,14
BRDA:485,60,1,13
BRDA:486,61,0,14
BRDA:486,61,1,13
BRDA:487,62,0,14
BRDA:487,62,1,13
BRDA:488,63,0,14
BRDA:488,63,1,13
BRDA:488,63,2,12
BRDA:491,64,0,14
BRDA:491,64,1,13
BRDA:491,64,2,12
BRDA:494,65,0,14
BRDA:494,65,1,14
BRDA:494,65,2,12
BRDA:501,66,0,14
BRDA:501,66,1,12
BRDA:502,67,0,14
BRDA:502,67,1,12
BRDA:503,68,0,14
BRDA:503,68,1,13
BRDA:509,69,0,14
BRDA:509,69,1,11
BRDA:510,70,0,14
BRDA:510,70,1,11
BRDA:511,71,0,14
BRDA:511,71,1,13
BRDA:529,72,0,2
BRDA:529,72,1,8
BRDA:530,73,0,2
BRDA:530,73,1,1
BRDA:535,74,0,10
BRDA:535,74,1,9
BRDA:536,75,0,10
BRDA:536,75,1,9
BRDA:537,76,0,10
BRDA:537,76,1,10
BRDA:538,77,0,10
BRDA:538,77,1,10
BRDA:539,78,0,10
BRDA:539,78,1,10
BRDA:540,79,0,10
BRDA:540,79,1,9
BRDA:541,80,0,10
BRDA:541,80,1,10
BRDA:542,81,0,10
BRDA:542,81,1,10
BRDA:543,82,0,10
BRDA:543,82,1,10
BRDA:549,83,0,10
BRDA:549,83,1,9
BRDA:552,84,0,10
BRDA:552,84,1,9
BRDA:553,85,0,10
BRDA:553,85,1,9
BRF:184
BRH:181
end_of_record
