TN:
SF:src/parsers/index.ts
FNF:0
FNH:0
LF:0
LH:0
BRF:0
BRH:0
end_of_record
TN:
SF:src/parsers/line-extractor.ts
FN:56,extractBetweenMarkersWithOptions
FN:117,extractBetweenMarkers
FN:122,(anonymous_2)
FN:161,extractLines
FN:176,(anonymous_4)
FN:203,parseLineSpec
FN:247,countLines
FN:258,trimTrailingEmptyLines
FN:299,extractLineRange
FN:365,applyFilterChain
FNF:10
FNH:10
FNDA:18,extractBetweenMarkersWithOptions
FNDA:5,extractBetweenMarkers
FNDA:5,(anonymous_2)
FNDA:15,extractLines
FNDA:16,(anonymous_4)
FNDA:24,parseLineSpec
FNDA:4,countLines
FNDA:7,trimTrailingEmptyLines
FNDA:11,extractLineRange
FNDA:7,applyFilterChain
DA:62,18
DA:64,18
DA:65,2
DA:68,16
DA:69,16
DA:70,16
DA:73,16
DA:74,119
DA:75,13
DA:76,106
DA:77,12
DA:78,12
DA:82,16
DA:83,3
DA:86,13
DA:87,1
DA:91,12
DA:96,18
DA:98,9
DA:99,6
DA:103,9
DA:104,6
DA:108,12
DA:118,5
DA:119,2
DA:122,5
DA:124,3
DA:125,1
DA:131,2
DA:133,2
DA:162,15
DA:163,2
DA:166,13
DA:168,13
DA:169,0
DA:172,13
DA:173,13
DA:176,16
DA:178,13
DA:180,13
DA:181,27
DA:183,27
DA:185,25
DA:186,5
DA:189,25
DA:190,25
DA:194,13
DA:204,24
DA:205,24
DA:207,24
DA:208,44
DA:210,44
DA:212,9
DA:214,9
DA:215,9
DA:216,9
DA:218,9
DA:219,7
DA:220,19
DA:226,35
DA:228,35
DA:229,30
DA:234,24
DA:248,4
DA:249,3
DA:259,7
DA:261,7
DA:262,6
DA:265,7
DA:305,11
DA:306,11
DA:309,11
DA:310,11
DA:313,11
DA:314,2
DA:315,2
DA:319,11
DA:320,11
DA:321,11
DA:322,2
DA:325,9
DA:369,7
DA:372,7
DA:373,3
DA:382,7
DA:383,5
DA:390,5
DA:391,2
DA:394,3
DA:397,5
LF:90
LH:89
BRDA:60,0,0,18
BRDA:62,1,0,18
BRDA:64,2,0,2
BRDA:64,2,1,16
BRDA:64,3,0,18
BRDA:64,3,1,17
BRDA:74,4,0,13
BRDA:74,4,1,106
BRDA:74,5,0,119
BRDA:74,5,1,63
BRDA:76,6,0,12
BRDA:76,6,1,94
BRDA:76,7,0,106
BRDA:76,7,1,56
BRDA:82,8,0,3
BRDA:82,8,1,13
BRDA:86,9,0,1
BRDA:86,9,1,12
BRDA:91,10,0,3
BRDA:91,10,1,9
BRDA:96,11,0,9
BRDA:96,11,1,9
BRDA:98,12,0,9
BRDA:98,12,1,14
BRDA:103,13,0,9
BRDA:103,13,1,14
BRDA:118,14,0,2
BRDA:118,14,1,3
BRDA:124,15,0,1
BRDA:124,15,1,2
BRDA:162,16,0,2
BRDA:162,16,1,13
BRDA:168,17,0,0
BRDA:168,17,1,13
BRDA:183,18,0,25
BRDA:183,18,1,2
BRDA:183,19,0,27
BRDA:183,19,1,26
BRDA:185,20,0,5
BRDA:185,20,1,20
BRDA:185,21,0,25
BRDA:185,21,1,14
BRDA:210,22,0,9
BRDA:210,22,1,35
BRDA:214,23,0,9
BRDA:214,23,1,0
BRDA:218,24,0,7
BRDA:218,24,1,2
BRDA:218,25,0,9
BRDA:218,25,1,8
BRDA:218,25,2,8
BRDA:228,26,0,30
BRDA:228,26,1,5
BRDA:248,27,0,1
BRDA:248,27,1,3
BRDA:261,28,0,7
BRDA:261,28,1,11
BRDA:303,29,0,11
BRDA:305,30,0,11
BRDA:313,31,0,2
BRDA:313,31,1,9
BRDA:319,32,0,1
BRDA:319,32,1,10
BRDA:320,33,0,1
BRDA:320,33,1,10
BRDA:321,34,0,2
BRDA:321,34,1,9
BRDA:372,35,0,3
BRDA:372,35,1,4
BRDA:382,36,0,5
BRDA:382,36,1,2
BRDA:390,37,0,2
BRDA:390,37,1,3
BRDA:394,38,0,3
BRDA:394,38,1,0
BRF:75
BRH:72
end_of_record
TN:
SF:src/parsers/yaml-parser.ts
FN:70,parseBlockContent
FN:106,parseEmbeddedCodeBlock
FN:139,hasKnownYamlSections
FN:147,(anonymous_3)
FN:170,resolveBoolean
FN:191,resolveNumber
FN:210,resolveString
FN:228,isValidRegex
FN:243,createSafeRegex
FN:262,getSection
FN:276,parseMetaSection
FN:292,parseRenderDisplaySection
FN:343,parseLineRange
FN:355,(anonymous_13)
FN:370,parseFilterSection
FN:415,parseCalloutSection
FN:438,(anonymous_16)
FN:439,(anonymous_17)
FN:484,parseTextStyleSubsection
FN:508,parseRenderCmdoutSection
FN:524,parseNestedYamlConfig
FN:545,resolveBlockConfig
FN:623,resolveCalloutConfig
FN:645,(anonymous_23)
FN:646,(anonymous_24)
FN:647,(anonymous_25)
FN:669,resolveCalloutEntry
FN:683,(anonymous_27)
FN:695,(anonymous_28)
FN:696,(anonymous_29)
FN:720,resolveCmdoutConfig
FNF:31
FNH:31
FNDA:12,parseBlockContent
FNDA:5,parseEmbeddedCodeBlock
FNDA:6,hasKnownYamlSections
FNDA:17,(anonymous_3)
FNDA:43,resolveBoolean
FNDA:44,resolveNumber
FNDA:13,resolveString
FNDA:10,isValidRegex
FNDA:7,createSafeRegex
FNDA:119,getSection
FNDA:17,parseMetaSection
FNDA:24,parseRenderDisplaySection
FNDA:31,parseLineRange
FNDA:26,(anonymous_13)
FNDA:16,parseFilterSection
FNDA:48,parseCalloutSection
FNDA:32,(anonymous_16)
FNDA:28,(anonymous_17)
FNDA:42,parseTextStyleSubsection
FNDA:14,parseRenderCmdoutSection
FNDA:9,parseNestedYamlConfig
FNDA:18,resolveBlockConfig
FNDA:47,resolveCalloutConfig
FNDA:54,(anonymous_23)
FNDA:50,(anonymous_24)
FNDA:50,(anonymous_25)
FNDA:50,resolveCalloutEntry
FNDA:23,(anonymous_27)
FNDA:15,(anonymous_28)
FNDA:15,(anonymous_29)
FNDA:13,resolveCmdoutConfig
DA:71,12
DA:73,12
DA:74,5
DA:78,7
DA:79,7
DA:81,7
DA:82,5
DA:93,2
DA:107,5
DA:108,5
DA:111,5
DA:112,5
DA:115,5
DA:116,5
DA:119,5
DA:123,5
DA:140,6
DA:147,17
DA:171,43
DA:172,2
DA:175,41
DA:192,44
DA:193,2
DA:196,42
DA:200,44
DA:211,13
DA:212,2
DA:215,11
DA:229,10
DA:230,10
DA:231,10
DA:233,3
DA:244,7
DA:245,7
DA:247,3
DA:263,119
DA:264,119
DA:265,78
DA:267,41
DA:277,17
DA:279,17
DA:293,24
DA:295,24
DA:345,31
DA:346,10
DA:347,10
DA:348,10
DA:349,7
DA:354,24
DA:355,26
DA:356,14
DA:357,6
DA:361,18
DA:371,16
DA:372,16
DA:375,16
DA:376,16
DA:377,5
DA:378,5
DA:387,16
DA:388,16
DA:389,4
DA:390,4
DA:403,16
DA:416,48
DA:417,48
DA:420,48
DA:421,8
DA:425,48
DA:426,2
DA:430,48
DA:431,2
DA:435,48
DA:436,48
DA:437,28
DA:438,32
DA:440,28
DA:441,28
DA:443,28
DA:444,21
DA:447,28
DA:448,3
DA:451,28
DA:452,3
DA:455,28
DA:456,27
DA:459,28
DA:460,3
DA:463,28
DA:464,1
DA:467,28
DA:468,2
DA:471,28
DA:475,48
DA:485,42
DA:486,34
DA:489,8
DA:509,14
DA:511,14
DA:525,9
DA:551,18
DA:556,18
DA:558,18
DA:628,47
DA:629,3
DA:638,44
DA:639,47
DA:640,47
DA:641,47
DA:642,47
DA:644,47
DA:645,54
DA:646,50
DA:647,50
DA:649,47
DA:675,50
DA:678,50
DA:679,33
DA:680,17
DA:683,23
DA:684,7
DA:685,4
DA:687,10
DA:690,5
DA:691,5
DA:692,4
DA:693,4
DA:695,15
DA:696,15
DA:700,50
DA:701,50
DA:703,50
DA:726,13
DA:727,2
DA:731,13
DA:743,13
LF:136
LH:136
BRDA:73,0,0,5
BRDA:73,0,1,7
BRDA:81,1,0,5
BRDA:81,1,1,2
BRDA:81,2,0,7
BRDA:81,2,1,7
BRDA:81,2,2,6
BRDA:115,3,0,5
BRDA:115,3,1,0
BRDA:119,4,0,5
BRDA:119,4,1,0
BRDA:124,5,0,5
BRDA:124,5,1,0
BRDA:171,6,0,2
BRDA:171,6,1,41
BRDA:175,7,0,41
BRDA:175,7,1,28
BRDA:192,8,0,2
BRDA:192,8,1,42
BRDA:196,9,0,26
BRDA:196,9,1,16
BRDA:200,10,0,8
BRDA:200,10,1,34
BRDA:211,11,0,2
BRDA:211,11,1,11
BRDA:211,12,0,13
BRDA:211,12,1,12
BRDA:264,13,0,78
BRDA:264,13,1,41
BRDA:264,14,0,119
BRDA:264,14,1,84
BRDA:264,14,2,80
BRDA:280,15,0,4
BRDA:280,15,1,13
BRDA:281,16,0,6
BRDA:281,16,1,11
BRDA:282,17,0,3
BRDA:282,17,1,14
BRDA:296,18,0,3
BRDA:296,18,1,21
BRDA:299,19,0,2
BRDA:299,19,1,22
BRDA:302,20,0,3
BRDA:302,20,1,21
BRDA:305,21,0,3
BRDA:305,21,1,21
BRDA:308,22,0,2
BRDA:308,22,1,22
BRDA:311,23,0,3
BRDA:311,23,1,21
BRDA:314,24,0,2
BRDA:314,24,1,22
BRDA:317,25,0,1
BRDA:317,25,1,23
BRDA:321,26,0,3
BRDA:321,26,1,21
BRDA:321,27,0,24
BRDA:321,27,1,22
BRDA:322,28,0,3
BRDA:322,28,1,1
BRDA:324,29,0,1
BRDA:324,29,1,23
BRDA:327,30,0,6
BRDA:327,30,1,18
BRDA:345,31,0,10
BRDA:345,31,1,21
BRDA:345,32,0,31
BRDA:345,32,1,13
BRDA:348,33,0,7
BRDA:348,33,1,3
BRDA:348,34,0,10
BRDA:348,34,1,10
BRDA:348,34,2,10
BRDA:348,34,3,8
BRDA:354,35,0,14
BRDA:354,35,1,10
BRDA:356,36,0,6
BRDA:356,36,1,8
BRDA:356,37,0,14
BRDA:356,37,1,10
BRDA:356,37,2,9
BRDA:356,37,3,8
BRDA:356,37,4,7
BRDA:376,38,0,5
BRDA:376,38,1,11
BRDA:376,39,0,16
BRDA:376,39,1,6
BRDA:376,39,2,5
BRDA:380,40,0,3
BRDA:380,40,1,2
BRDA:388,41,0,4
BRDA:388,41,1,12
BRDA:388,42,0,16
BRDA:388,42,1,5
BRDA:388,42,2,5
BRDA:391,43,0,3
BRDA:391,43,1,1
BRDA:394,44,0,2
BRDA:394,44,1,2
BRDA:397,45,0,2
BRDA:397,45,1,2
BRDA:420,46,0,8
BRDA:420,46,1,40
BRDA:425,47,0,2
BRDA:425,47,1,46
BRDA:430,48,0,2
BRDA:430,48,1,46
BRDA:436,49,0,28
BRDA:436,49,1,20
BRDA:438,50,0,32
BRDA:438,50,1,31
BRDA:438,50,2,29
BRDA:443,51,0,21
BRDA:443,51,1,7
BRDA:447,52,0,3
BRDA:447,52,1,25
BRDA:451,53,0,3
BRDA:451,53,1,25
BRDA:455,54,0,27
BRDA:455,54,1,1
BRDA:459,55,0,3
BRDA:459,55,1,25
BRDA:463,56,0,1
BRDA:463,56,1,27
BRDA:467,57,0,2
BRDA:467,57,1,26
BRDA:485,58,0,34
BRDA:485,58,1,8
BRDA:485,59,0,42
BRDA:485,59,1,8
BRDA:490,60,0,7
BRDA:490,60,1,1
BRDA:493,61,0,5
BRDA:493,61,1,3
BRDA:496,62,0,5
BRDA:496,62,1,3
BRDA:531,63,0,2
BRDA:531,63,1,7
BRDA:551,64,0,3
BRDA:551,64,1,15
BRDA:556,65,0,18
BRDA:556,65,1,3
BRDA:560,66,0,18
BRDA:560,66,1,17
BRDA:561,67,0,18
BRDA:561,67,1,17
BRDA:562,68,0,18
BRDA:562,68,1,17
BRDA:565,69,0,18
BRDA:565,69,1,17
BRDA:566,70,0,18
BRDA:566,70,1,17
BRDA:567,71,0,18
BRDA:567,71,1,17
BRDA:568,72,0,18
BRDA:568,72,1,17
BRDA:569,73,0,18
BRDA:569,73,1,17
BRDA:570,74,0,18
BRDA:570,74,1,17
BRDA:571,75,0,18
BRDA:571,75,1,17
BRDA:572,76,0,18
BRDA:572,76,1,17
BRDA:572,76,2,16
BRDA:575,77,0,18
BRDA:575,77,1,17
BRDA:575,77,2,16
BRDA:578,78,0,18
BRDA:578,78,1,18
BRDA:578,78,2,16
BRDA:585,79,0,18
BRDA:585,79,1,16
BRDA:586,80,0,18
BRDA:586,80,1,16
BRDA:587,81,0,18
BRDA:587,81,1,17
BRDA:593,82,0,18
BRDA:593,82,1,15
BRDA:594,83,0,18
BRDA:594,83,1,15
BRDA:595,84,0,18
BRDA:595,84,1,17
BRDA:599,85,0,18
BRDA:599,85,1,16
BRDA:628,86,0,3
BRDA:628,86,1,44
BRDA:628,87,0,47
BRDA:628,87,1,46
BRDA:628,87,2,45
BRDA:638,88,0,44
BRDA:638,88,1,36
BRDA:639,89,0,47
BRDA:639,89,1,42
BRDA:640,90,0,1
BRDA:640,90,1,43
BRDA:641,91,0,1
BRDA:641,91,1,43
BRDA:678,92,0,33
BRDA:678,92,1,17
BRDA:678,93,0,50
BRDA:678,93,1,38
BRDA:678,93,2,36
BRDA:680,94,0,7
BRDA:680,94,1,10
BRDA:684,95,0,4
BRDA:684,95,1,3
BRDA:687,96,0,5
BRDA:687,96,1,5
BRDA:691,97,0,4
BRDA:691,97,1,1
BRDA:696,98,0,15
BRDA:696,98,1,15
BRDA:700,99,0,50
BRDA:700,99,1,49
BRDA:701,100,0,50
BRDA:701,100,1,46
BRDA:706,101,0,50
BRDA:706,101,1,0
BRDA:707,102,0,50
BRDA:707,102,1,48
BRDA:726,103,0,2
BRDA:726,103,1,11
BRDA:727,104,0,2
BRDA:727,104,1,1
BRDA:732,105,0,13
BRDA:732,105,1,12
BRDA:733,106,0,13
BRDA:733,106,1,12
BRDA:734,107,0,13
BRDA:734,107,1,13
BRDA:735,108,0,13
BRDA:735,108,1,13
BRDA:736,109,0,13
BRDA:736,109,1,13
BRDA:737,110,0,13
BRDA:737,110,1,12
BRDA:738,111,0,13
BRDA:738,111,1,13
BRDA:739,112,0,13
BRDA:739,112,1,13
BRDA:740,113,0,13
BRDA:740,113,1,13
BRDA:746,114,0,13
BRDA:746,114,1,12
BRDA:749,115,0,13
BRDA:749,115,1,12
BRDA:750,116,0,13
BRDA:750,116,1,12
BRDA:757,117,0,13
BRDA:757,117,1,12
BRF:251
BRH:247
end_of_record
TN:
SF:src/renderers/buttons.ts
FN:68,joinCodeLines
FN:71,(anonymous_1)
FN:72,(anonymous_2)
FN:73,(anonymous_3)
FN:90,addCopyButton
FN:109,(anonymous_5)
FN:144,(anonymous_6)
FN:161,buildExpandButtonContent
FN:168,buildCollapseButtonContent
FN:182,addFoldButton
FN:212,(anonymous_10)
FN:250,addDownloadButton
FN:257,(anonymous_12)
FN:314,addCodeBlockButtons
FNF:14
FNH:4
FNDA:12,joinCodeLines
FNDA:30,(anonymous_1)
FNDA:30,(anonymous_2)
FNDA:24,(anonymous_3)
FNDA:0,addCopyButton
FNDA:0,(anonymous_5)
FNDA:0,(anonymous_6)
FNDA:0,buildExpandButtonContent
FNDA:0,buildCollapseButtonContent
FNDA:0,addFoldButton
FNDA:0,(anonymous_10)
FNDA:0,addDownloadButton
FNDA:0,(anonymous_12)
FNDA:0,addCodeBlockButtons
DA:19,2
DA:24,2
DA:29,2
DA:34,2
DA:39,2
DA:69,12
DA:71,30
DA:72,30
DA:73,24
DA:91,0
DA:92,0
DA:93,0
DA:94,0
DA:97,0
DA:98,0
DA:99,0
DA:101,0
DA:102,0
DA:103,0
DA:105,0
DA:106,0
DA:109,0
DA:110,0
DA:111,0
DA:113,0
DA:115,0
DA:116,0
DA:120,0
DA:121,0
DA:122,0
DA:129,0
DA:130,0
DA:131,0
DA:134,0
DA:137,0
DA:140,0
DA:141,0
DA:144,0
DA:145,0
DA:146,0
DA:151,0
DA:162,0
DA:169,0
DA:187,0
DA:189,0
DA:192,0
DA:193,0
DA:194,0
DA:197,0
DA:198,0
DA:201,0
DA:204,0
DA:205,0
DA:208,0
DA:209,0
DA:210,0
DA:212,0
DA:213,0
DA:214,0
DA:216,0
DA:218,0
DA:219,0
DA:221,0
DA:225,0
DA:226,0
DA:251,0
DA:252,0
DA:253,0
DA:254,0
DA:255,0
DA:257,0
DA:258,0
DA:259,0
DA:261,0
DA:263,0
DA:264,0
DA:265,0
DA:269,0
DA:315,0
DA:317,0
DA:318,0
DA:321,0
DA:322,0
DA:326,0
DA:327,0
LF:85
LH:9
BRDA:73,0,0,24
BRDA:73,0,1,9
BRDA:98,1,0,0
BRDA:98,1,1,0
BRDA:101,2,0,0
BRDA:101,2,1,0
BRDA:102,3,0,0
BRDA:102,3,1,0
BRDA:102,4,0,0
BRDA:102,4,1,0
BRDA:105,5,0,0
BRDA:105,5,1,0
BRDA:115,6,0,0
BRDA:115,6,1,0
BRDA:120,7,0,0
BRDA:120,7,1,0
BRDA:129,8,0,0
BRDA:129,8,1,0
BRDA:129,9,0,0
BRDA:129,9,1,0
BRDA:131,10,0,0
BRDA:131,10,1,0
BRDA:131,11,0,0
BRDA:131,11,1,0
BRDA:131,11,2,0
BRDA:189,12,0,0
BRDA:189,12,1,0
BRDA:193,13,0,0
BRDA:193,13,1,0
BRDA:218,14,0,0
BRDA:218,14,1,0
BRDA:263,15,0,0
BRDA:263,15,1,0
BRDA:317,16,0,0
BRDA:317,16,1,0
BRDA:321,17,0,0
BRDA:321,17,1,0
BRDA:321,18,0,0
BRDA:321,18,1,0
BRDA:326,19,0,0
BRDA:326,19,1,0
BRDA:326,20,0,0
BRDA:326,20,1,0
BRF:43
BRH:2
end_of_record
TN:
SF:src/renderers/callout-renderer.ts
FN:48,injectCallouts
FN:73,(anonymous_1)
FN:85,(anonymous_2)
FN:86,(anonymous_3)
FN:154,injectInlineCallout
FN:186,injectFootnoteRef
FN:212,injectPopoverTrigger
FN:253,setupPopoverInteractions
FN:259,(anonymous_8)
FN:262,(anonymous_9)
FN:275,(anonymous_10)
FNF:11
FNH:0
FNDA:0,injectCallouts
FNDA:0,(anonymous_1)
FNDA:0,(anonymous_2)
FNDA:0,(anonymous_3)
FNDA:0,injectInlineCallout
FNDA:0,injectFootnoteRef
FNDA:0,injectPopoverTrigger
FNDA:0,setupPopoverInteractions
FNDA:0,(anonymous_8)
FNDA:0,(anonymous_9)
FNDA:0,(anonymous_10)
DA:54,0
DA:55,0
DA:58,0
DA:59,0
DA:61,0
DA:63,0
DA:67,0
DA:68,0
DA:69,0
DA:70,0
DA:73,0
DA:75,0
DA:76,0
DA:77,0
DA:79,0
DA:80,0
DA:83,0
DA:84,0
DA:85,0
DA:86,0
DA:87,0
DA:88,0
DA:92,0
DA:93,0
DA:95,0
DA:97,0
DA:98,0
DA:101,0
DA:102,0
DA:104,0
DA:105,0
DA:106,0
DA:109,0
DA:110,0
DA:111,0
DA:112,0
DA:115,0
DA:116,0
DA:122,0
DA:123,0
DA:124,0
DA:125,0
DA:126,0
DA:127,0
DA:128,0
DA:133,0
DA:134,0
DA:161,0
DA:162,0
DA:163,0
DA:164,0
DA:166,0
DA:168,0
DA:169,0
DA:171,0
DA:187,0
DA:188,0
DA:189,0
DA:190,0
DA:191,0
DA:192,0
DA:220,0
DA:221,0
DA:222,0
DA:223,0
DA:224,0
DA:225,0
DA:229,0
DA:230,0
DA:231,0
DA:232,0
DA:233,0
DA:234,0
DA:235,0
DA:238,0
DA:254,0
DA:255,0
DA:257,0
DA:258,0
DA:259,0
DA:261,0
DA:262,0
DA:263,0
DA:264,0
DA:266,0
DA:267,0
DA:269,0
DA:275,0
DA:276,0
DA:277,0
LF:90
LH:0
BRDA:54,0,0,0
BRDA:54,0,1,0
BRDA:54,1,0,0
BRDA:54,1,1,0
BRDA:61,2,0,0
BRDA:61,2,1,0
BRDA:77,3,0,0
BRDA:77,3,1,0
BRDA:83,4,0,0
BRDA:83,4,1,0
BRDA:83,5,0,0
BRDA:83,5,1,0
BRDA:93,6,0,0
BRDA:93,6,1,0
BRDA:95,7,0,0
BRDA:95,7,1,0
BRDA:95,7,2,0
BRDA:101,8,0,0
BRDA:101,8,1,0
BRDA:109,9,0,0
BRDA:109,9,1,0
BRDA:111,10,0,0
BRDA:111,10,1,0
BRDA:122,11,0,0
BRDA:122,11,1,0
BRDA:127,12,0,0
BRDA:127,12,1,0
BRDA:133,13,0,0
BRDA:133,13,1,0
BRDA:159,14,0,0
BRDA:166,15,0,0
BRDA:166,15,1,0
BRDA:168,16,0,0
BRDA:168,16,1,0
BRDA:191,17,0,0
BRDA:191,17,1,0
BRDA:224,18,0,0
BRDA:224,18,1,0
BRDA:233,19,0,0
BRDA:233,19,1,0
BRDA:261,20,0,0
BRDA:261,20,1,0
BRDA:264,21,0,0
BRDA:264,21,1,0
BRDA:269,22,0,0
BRDA:269,22,1,0
BRF:46
BRH:0
end_of_record
TN:
SF:src/renderers/code-block.ts
FN:41,processCodeBlock
FN:72,countSourceLines
FN:87,wrapPreElement
FN:105,createCodeBlockProcessingOptions
FNF:4
FNH:1
FNDA:0,processCodeBlock
FNDA:4,countSourceLines
FNDA:0,wrapPreElement
FNDA:0,createCodeBlockProcessingOptions
DA:42,0
DA:44,0
DA:46,0
DA:49,0
DA:52,0
DA:53,0
DA:57,0
DA:58,0
DA:73,4
DA:74,3
DA:88,0
DA:89,0
DA:90,0
DA:110,0
LF:14
LH:2
BRDA:44,0,0,0
BRDA:44,0,1,0
BRDA:52,1,0,0
BRDA:52,1,1,0
BRDA:57,2,0,0
BRDA:57,2,1,0
BRDA:57,3,0,0
BRDA:57,3,1,0
BRDA:61,4,0,0
BRDA:61,4,1,0
BRDA:73,5,0,1
BRDA:73,5,1,3
BRF:12
BRH:2
end_of_record
TN:
SF:src/renderers/command-output.ts
FN:56,processOutputLine
FN:94,createStyledSpanHtml
FN:107,processAllOutputLines
FN:120,(anonymous_3)
FN:133,createOutputContainer
FN:145,createPreCodeStructure
FN:163,createCommandOutputTitle
FN:200,renderCommandOutput
FN:279,getCommandOutputStylesFromSettings
FN:300,mergeCommandOutputStyles
FNF:10
FNH:6
FNDA:19,processOutputLine
FNDA:13,createStyledSpanHtml
FNDA:5,processAllOutputLines
FNDA:11,(anonymous_3)
FNDA:0,createOutputContainer
FNDA:0,createPreCodeStructure
FNDA:0,createCommandOutputTitle
FNDA:0,renderCommandOutput
FNDA:4,getCommandOutputStylesFromSettings
FNDA:11,mergeCommandOutputStyles
DA:61,19
DA:62,8
DA:64,8
DA:66,5
DA:67,5
DA:69,5
DA:75,5
DA:81,5
DA:86,14
DA:88,19
DA:95,13
DA:96,13
DA:112,5
DA:115,5
DA:116,2
DA:119,5
DA:120,11
DA:134,0
DA:135,0
DA:136,0
DA:146,0
DA:147,0
DA:149,0
DA:150,0
DA:152,0
DA:154,0
DA:164,0
DA:165,0
DA:167,0
DA:168,0
DA:171,0
DA:172,0
DA:173,0
DA:174,0
DA:177,0
DA:178,0
DA:179,0
DA:180,0
DA:182,0
DA:184,0
DA:207,0
DA:226,0
DA:229,0
DA:230,0
DA:233,0
DA:234,0
DA:235,0
DA:238,0
DA:239,0
DA:240,0
DA:242,0
DA:250,0
DA:254,0
DA:257,0
DA:258,0
DA:262,0
DA:263,0
DA:266,0
DA:280,4
DA:304,11
LF:60
LH:19
BRDA:61,0,0,8
BRDA:61,0,1,11
BRDA:64,1,0,5
BRDA:64,1,1,3
BRDA:64,2,0,8
BRDA:64,2,1,5
BRDA:66,3,0,5
BRDA:66,3,1,0
BRDA:67,4,0,5
BRDA:67,4,1,0
BRDA:86,5,0,2
BRDA:86,5,1,12
BRDA:88,6,0,1
BRDA:88,6,1,13
BRDA:95,7,0,3
BRDA:95,7,1,10
BRDA:115,8,0,2
BRDA:115,8,1,3
BRDA:115,9,0,5
BRDA:115,9,1,5
BRDA:233,10,0,0
BRDA:233,10,1,0
BRDA:238,11,0,0
BRDA:238,11,1,0
BRDA:246,12,0,0
BRDA:246,12,1,0
BRDA:257,13,0,0
BRDA:257,13,1,0
BRDA:262,14,0,0
BRDA:262,14,1,0
BRDA:305,15,0,11
BRDA:305,15,1,7
BRDA:306,16,0,11
BRDA:306,16,1,9
BRDA:307,17,0,11
BRDA:307,17,1,10
BRDA:308,18,0,11
BRDA:308,18,1,9
BRDA:309,19,0,11
BRDA:309,19,1,9
BRDA:310,20,0,11
BRDA:310,20,1,9
BRDA:311,21,0,11
BRDA:311,21,1,9
BRDA:312,22,0,11
BRDA:312,22,1,9
BRDA:313,23,0,11
BRDA:313,23,1,9
BRF:48
BRH:36
end_of_record
TN:
SF:src/renderers/index.ts
FNF:0
FNH:0
LF:0
LH:0
BRF:0
BRH:0
end_of_record
TN:
SF:src/renderers/title-bar.ts
FN:53,createTitleBarElement
FN:89,buildInfobarTitleLayout
FN:132,buildStandardTitleLayout
FN:153,buildMetadataGroup
FN:175,createLinkIndicatorElement
FN:185,setupTitleClickHandler
FN:188,(anonymous_6)
FN:220,createDescriptionElement
FN:249,createTooltipDescriptionElement
FN:313,buildTitleContainer
FNF:10
FNH:0
FNDA:0,createTitleBarElement
FNDA:0,buildInfobarTitleLayout
FNDA:0,buildStandardTitleLayout
FNDA:0,buildMetadataGroup
FNDA:0,createLinkIndicatorElement
FNDA:0,setupTitleClickHandler
FNDA:0,(anonymous_6)
FNDA:0,createDescriptionElement
FNDA:0,createTooltipDescriptionElement
FNDA:0,buildTitleContainer
DA:59,0
DA:61,0
DA:62,0
DA:65,0
DA:67,0
DA:68,0
DA:72,0
DA:73,0
DA:75,0
DA:79,0
DA:80,0
DA:83,0
DA:98,0
DA:99,0
DA:102,0
DA:103,0
DA:106,0
DA:107,0
DA:108,0
DA:109,0
DA:111,0
DA:114,0
DA:115,0
DA:117,0
DA:118,0
DA:123,0
DA:124,0
DA:125,0
DA:138,0
DA:139,0
DA:140,0
DA:141,0
DA:144,0
DA:145,0
DA:146,0
DA:154,0
DA:155,0
DA:157,0
DA:158,0
DA:159,0
DA:160,0
DA:163,0
DA:164,0
DA:165,0
DA:166,0
DA:169,0
DA:176,0
DA:177,0
DA:178,0
DA:179,0
DA:186,0
DA:188,0
DA:189,0
DA:191,0
DA:193,0
DA:196,0
DA:198,0
DA:200,0
DA:201,0
DA:226,0
DA:227,0
DA:229,0
DA:237,0
DA:255,0
DA:256,0
DA:258,0
DA:259,0
DA:261,0
DA:269,0
DA:271,0
DA:319,0
DA:320,0
DA:323,0
DA:324,0
DA:326,0
DA:327,0
DA:330,0
DA:331,0
DA:336,0
DA:337,0
DA:340,0
DA:342,0
DA:343,0
DA:346,0
DA:347,0
DA:350,0
DA:351,0
DA:357,0
DA:358,0
DA:361,0
DA:367,0
DA:371,0
LF:92
LH:0
BRDA:67,0,0,0
BRDA:67,0,1,0
BRDA:72,1,0,0
BRDA:72,1,1,0
BRDA:79,2,0,0
BRDA:79,2,1,0
BRDA:102,3,0,0
BRDA:102,3,1,0
BRDA:102,4,0,0
BRDA:102,4,1,0
BRDA:114,5,0,0
BRDA:114,5,1,0
BRDA:117,6,0,0
BRDA:117,6,1,0
BRDA:123,7,0,0
BRDA:123,7,1,0
BRDA:123,8,0,0
BRDA:123,8,1,0
BRDA:144,9,0,0
BRDA:144,9,1,0
BRDA:144,10,0,0
BRDA:144,10,1,0
BRDA:157,11,0,0
BRDA:157,11,1,0
BRDA:163,12,0,0
BRDA:163,12,1,0
BRDA:191,13,0,0
BRDA:191,13,1,0
BRDA:191,14,0,0
BRDA:191,14,1,0
BRDA:198,15,0,0
BRDA:198,15,1,0
BRDA:200,16,0,0
BRDA:200,16,1,0
BRDA:323,17,0,0
BRDA:323,17,1,0
BRDA:326,18,0,0
BRDA:326,18,1,0
BRDA:330,19,0,0
BRDA:330,19,1,0
BRDA:340,20,0,0
BRDA:340,20,1,0
BRDA:340,21,0,0
BRDA:340,21,1,0
BRDA:342,22,0,0
BRDA:342,22,1,0
BRDA:346,23,0,0
BRDA:346,23,1,0
BRDA:350,24,0,0
BRDA:350,24,1,0
BRDA:354,25,0,0
BRDA:354,25,1,0
BRDA:364,26,0,0
BRDA:364,26,1,0
BRF:54
BRH:0
end_of_record
TN:
SF:src/services/download-service.ts
FN:22,buildSuggestedFilename
FN:54,downloadCodeToFile
FN:76,downloadDesktop
FN:116,downloadMobile
FNF:4
FNH:1
FNDA:12,buildSuggestedFilename
FNDA:0,downloadCodeToFile
FNDA:0,downloadDesktop
FNDA:0,downloadMobile
DA:23,12
DA:25,12
DA:27,10
DA:30,10
DA:31,3
DA:34,7
DA:37,2
DA:61,0
DA:62,0
DA:63,0
DA:64,0
DA:70,0
DA:84,0
DA:85,0
DA:86,0
DA:89,0
DA:90,0
DA:94,0
DA:101,0
DA:102,0
DA:106,0
DA:109,0
DA:110,0
DA:117,0
DA:118,0
DA:120,0
DA:121,0
DA:122,0
DA:123,0
DA:125,0
DA:126,0
DA:127,0
DA:129,0
LF:33
LH:7
BRDA:23,0,0,12
BRDA:23,0,1,3
BRDA:25,1,0,10
BRDA:25,1,1,2
BRDA:30,2,0,3
BRDA:30,2,1,7
BRDA:61,3,0,0
BRDA:61,3,1,0
BRDA:89,4,0,0
BRDA:89,4,1,0
BRDA:90,5,0,0
BRDA:90,5,1,0
BRDA:101,6,0,0
BRDA:101,6,1,0
BRDA:101,7,0,0
BRDA:101,7,1,0
BRF:16
BRH:6
end_of_record
TN:
SF:src/services/icon-generator.ts
FN:31,calculateBadgeFontSize
FN:50,generateFilledBadgeSvg
FN:71,generateOutlineBadgeSvg
FN:95,findCustomIconPath
FN:126,getVaultResourceUrl
FN:164,createIconElement
FN:198,buildCustomIcon
FN:224,buildFilledBadgeIcon
FN:242,buildOutlineBadgeIcon
FN:259,buildTextLabelIcon
FN:273,buildEmojiIcon
FN:297,createIconFromSettings
FNF:12
FNH:3
FNDA:31,calculateBadgeFontSize
FNDA:14,generateFilledBadgeSvg
FNDA:9,generateOutlineBadgeSvg
FNDA:0,findCustomIconPath
FNDA:0,getVaultResourceUrl
FNDA:0,createIconElement
FNDA:0,buildCustomIcon
FNDA:0,buildFilledBadgeIcon
FNDA:0,buildOutlineBadgeIcon
FNDA:0,buildTextLabelIcon
FNDA:0,buildEmojiIcon
FNDA:0,createIconFromSettings
DA:32,31
DA:33,25
DA:34,23
DA:35,21
DA:36,4
DA:51,14
DA:54,14
DA:56,14
DA:72,9
DA:74,9
DA:100,0
DA:101,0
DA:104,0
DA:105,0
DA:107,0
DA:108,0
DA:109,0
DA:111,0
DA:112,0
DA:116,0
DA:127,0
DA:165,0
DA:167,0
DA:168,0
DA:171,0
DA:172,0
DA:174,0
DA:176,0
DA:178,0
DA:181,0
DA:184,0
DA:187,0
DA:191,0
DA:204,0
DA:206,0
DA:207,0
DA:208,0
DA:209,0
DA:210,0
DA:211,0
DA:212,0
DA:215,0
DA:218,0
DA:229,0
DA:230,0
DA:231,0
DA:233,0
DA:234,0
DA:236,0
DA:247,0
DA:248,0
DA:250,0
DA:251,0
DA:253,0
DA:264,0
DA:265,0
DA:267,0
DA:277,0
DA:278,0
DA:303,0
LF:60
LH:10
BRDA:32,0,0,6
BRDA:32,0,1,25
BRDA:33,1,0,2
BRDA:33,1,1,23
BRDA:34,2,0,2
BRDA:34,2,1,21
BRDA:35,3,0,17
BRDA:35,3,1,4
BRDA:54,4,0,3
BRDA:54,4,1,11
BRDA:100,5,0,0
BRDA:100,5,1,0
BRDA:100,6,0,0
BRDA:100,6,1,0
BRDA:111,7,0,0
BRDA:111,7,1,0
BRDA:167,8,0,0
BRDA:167,8,1,0
BRDA:167,9,0,0
BRDA:167,9,1,0
BRDA:174,10,0,0
BRDA:174,10,1,0
BRDA:176,11,0,0
BRDA:176,11,1,0
BRDA:176,11,2,0
BRDA:176,11,3,0
BRDA:176,11,4,0
BRDA:176,11,5,0
BRDA:204,12,0,0
BRDA:204,12,1,0
BRDA:206,13,0,0
BRDA:206,13,1,0
BRDA:210,14,0,0
BRDA:210,14,1,0
BRF:34
BRH:10
end_of_record
TN:
SF:src/services/index.ts
FNF:0
FNH:0
LF:0
LH:0
BRF:0
BRH:0
end_of_record
TN:
SF:src/services/source-loader.ts
FN:23,detectSourceLocationType
FN:45,isRemotePath
FN:55,isVaultPath
FN:70,loadVaultFile
FN:109,loadRemoteFile
FN:136,loadSource
FN:178,extractFileMetadata
FN:227,createEmbeddedCodeMetadata
FNF:8
FNH:5
FNDA:7,detectSourceLocationType
FNDA:5,isRemotePath
FNDA:4,isVaultPath
FNDA:0,loadVaultFile
FNDA:0,loadRemoteFile
FNDA:0,loadSource
FNDA:18,extractFileMetadata
FNDA:6,createEmbeddedCodeMetadata
DA:24,7
DA:25,2
DA:28,5
DA:29,1
DA:32,4
DA:33,2
DA:36,2
DA:46,5
DA:56,4
DA:71,0
DA:73,0
DA:75,0
DA:76,0
DA:84,0
DA:85,0
DA:86,0
DA:88,0
DA:94,0
DA:110,0
DA:111,0
DA:112,0
DA:114,0
DA:120,0
DA:137,0
DA:139,0
DA:141,0
DA:144,0
DA:147,0
DA:155,0
DA:182,18
DA:187,18
DA:188,7
DA:189,7
DA:190,7
DA:191,7
DA:192,7
DA:194,0
DA:195,0
DA:198,11
DA:199,11
DA:200,11
DA:204,18
DA:205,18
DA:206,18
DA:208,18
DA:228,6
DA:230,6
LF:47
LH:25
BRDA:24,0,0,2
BRDA:24,0,1,5
BRDA:28,1,0,1
BRDA:28,1,1,4
BRDA:32,2,0,2
BRDA:32,2,1,2
BRDA:32,3,0,4
BRDA:32,3,1,3
BRDA:46,4,0,5
BRDA:46,4,1,4
BRDA:75,5,0,0
BRDA:75,5,1,0
BRDA:139,6,0,0
BRDA:139,6,1,0
BRDA:139,6,2,0
BRDA:139,6,3,0
BRDA:182,7,0,18
BRDA:182,7,1,11
BRDA:187,8,0,7
BRDA:187,8,1,11
BRDA:191,9,0,7
BRDA:191,9,1,1
BRDA:192,10,0,7
BRDA:192,10,1,1
BRDA:199,11,0,11
BRDA:199,11,1,0
BRDA:200,12,0,11
BRDA:200,12,1,6
BRDA:205,13,0,15
BRDA:205,13,1,3
BRDA:206,14,0,15
BRDA:206,14,1,3
BRDA:228,15,0,6
BRDA:228,15,1,2
BRF:34
BRH:27
end_of_record
TN:
SF:src/utils/callout-processor.ts
FN:32,groupCalloutsByLine
FN:69,buildInlineCalloutHTML
FN:94,buildFootnoteRefHTML
FN:108,buildFootnoteEntryHTML
FN:119,buildFootnoteSectionHTML
FN:121,(anonymous_5)
FN:140,buildPopoverTriggerHTML
FN:155,buildPopoverContentHTML
FN:174,shouldReplaceLine
FN:177,(anonymous_9)
FN:191,filterByDisplayMode
FN:195,(anonymous_11)
FNF:12
FNH:12
FNDA:5,groupCalloutsByLine
FNDA:10,buildInlineCalloutHTML
FNDA:3,buildFootnoteRefHTML
FNDA:10,buildFootnoteEntryHTML
FNDA:4,buildFootnoteSectionHTML
FNDA:5,(anonymous_5)
FNDA:3,buildPopoverTriggerHTML
FNDA:6,buildPopoverContentHTML
FNDA:4,shouldReplaceLine
FNDA:4,(anonymous_9)
FNDA:4,filterByDisplayMode
FNDA:13,(anonymous_11)
DA:33,5
DA:35,5
DA:36,6
DA:37,8
DA:38,7
DA:40,8
DA:44,5
DA:70,10
DA:71,10
DA:72,10
DA:74,10
DA:75,10
DA:79,10
DA:95,3
DA:109,10
DA:110,10
DA:120,4
DA:121,5
DA:124,4
DA:141,3
DA:156,6
DA:157,6
DA:158,6
DA:175,4
DA:176,4
DA:177,4
DA:195,13
LF:27
LH:27
BRDA:37,0,0,7
BRDA:37,0,1,1
BRDA:69,1,0,10
BRDA:74,2,0,1
BRDA:74,2,1,9
BRDA:75,3,0,1
BRDA:75,3,1,9
BRDA:176,4,0,1
BRDA:176,4,1,3
BRF:9
BRH:9
end_of_record
TN:
SF:src/utils/dom.ts
FN:27,addScrollBehaviour
FN:40,(anonymous_1)
FN:82,wrapCodeLinesInDom
FN:96,(anonymous_3)
FN:121,(anonymous_4)
FN:141,extractLinesFromElement
FN:144,processNode
FN:149,(anonymous_7)
FN:175,processElementWithNewlines
FN:179,ensureWrapper
FN:187,(anonymous_10)
FN:192,(anonymous_11)
FN:212,(anonymous_12)
FN:217,(anonymous_13)
FN:236,(anonymous_14)
FN:244,isLineEmpty
FN:247,(anonymous_16)
FN:261,processCodeElementLines
FN:293,findCodeElement
FN:303,findPreElement
FN:319,removeExistingTitleElements
FN:320,(anonymous_21)
FN:321,(anonymous_22)
FN:322,(anonymous_23)
FN:340,createCodeBlockContainer
FN:374,extractCodeText
FNF:26
FNH:0
FNDA:0,addScrollBehaviour
FNDA:0,(anonymous_1)
FNDA:0,wrapCodeLinesInDom
FNDA:0,(anonymous_3)
FNDA:0,(anonymous_4)
FNDA:0,extractLinesFromElement
FNDA:0,processNode
FNDA:0,(anonymous_7)
FNDA:0,processElementWithNewlines
FNDA:0,ensureWrapper
FNDA:0,(anonymous_10)
FNDA:0,(anonymous_11)
FNDA:0,(anonymous_12)
FNDA:0,(anonymous_13)
FNDA:0,(anonymous_14)
FNDA:0,isLineEmpty
FNDA:0,(anonymous_16)
FNDA:0,processCodeElementLines
FNDA:0,findCodeElement
FNDA:0,findPreElement
FNDA:0,removeExistingTitleElements
FNDA:0,(anonymous_21)
FNDA:0,(anonymous_22)
FNDA:0,(anonymous_23)
FNDA:0,createCodeBlockContainer
FNDA:0,extractCodeText
DA:28,0
DA:31,0
DA:32,0
DA:35,0
DA:36,0
DA:37,0
DA:40,0
DA:42,0
DA:43,0
DA:83,0
DA:86,0
DA:89,0
DA:90,0
DA:94,0
DA:96,0
DA:97,0
DA:98,0
DA:99,0
DA:101,0
DA:102,0
DA:106,0
DA:107,0
DA:108,0
DA:109,0
DA:110,0
DA:114,0
DA:115,0
DA:117,0
DA:119,0
DA:121,0
DA:124,0
DA:125,0
DA:142,0
DA:145,0
DA:146,0
DA:147,0
DA:149,0
DA:150,0
DA:152,0
DA:155,0
DA:156,0
DA:159,0
DA:160,0
DA:163,0
DA:165,0
DA:167,0
DA:170,0
DA:177,0
DA:180,0
DA:181,0
DA:182,0
DA:184,0
DA:187,0
DA:188,0
DA:189,0
DA:190,0
DA:192,0
DA:193,0
DA:195,0
DA:196,0
DA:199,0
DA:200,0
DA:203,0
DA:204,0
DA:205,0
DA:207,0
DA:208,0
DA:212,0
DA:213,0
DA:214,0
DA:215,0
DA:217,0
DA:218,0
DA:219,0
DA:220,0
DA:223,0
DA:224,0
DA:228,0
DA:236,0
DA:238,0
DA:245,0
DA:247,0
DA:248,0
DA:266,0
DA:269,0
DA:270,0
DA:273,0
DA:274,0
DA:278,0
DA:279,0
DA:294,0
DA:304,0
DA:305,0
DA:320,0
DA:321,0
DA:322,0
DA:323,0
DA:346,0
DA:347,0
DA:349,0
DA:350,0
DA:352,0
DA:353,0
DA:356,0
DA:357,0
DA:361,0
DA:375,0
LF:107
LH:0
BRDA:83,0,0,0
BRDA:89,1,0,0
BRDA:89,1,1,0
BRDA:89,2,0,0
BRDA:89,2,1,0
BRDA:101,3,0,0
BRDA:101,3,1,0
BRDA:101,4,0,0
BRDA:101,4,1,0
BRDA:106,5,0,0
BRDA:106,5,1,0
BRDA:117,6,0,0
BRDA:117,6,1,0
BRDA:145,7,0,0
BRDA:145,7,1,0
BRDA:146,8,0,0
BRDA:146,8,1,0
BRDA:150,9,0,0
BRDA:150,9,1,0
BRDA:155,10,0,0
BRDA:155,10,1,0
BRDA:159,11,0,0
BRDA:159,11,1,0
BRDA:163,12,0,0
BRDA:163,12,1,0
BRDA:165,13,0,0
BRDA:165,13,1,0
BRDA:180,14,0,0
BRDA:180,14,1,0
BRDA:188,15,0,0
BRDA:188,15,1,0
BRDA:189,16,0,0
BRDA:189,16,1,0
BRDA:193,17,0,0
BRDA:193,17,1,0
BRDA:199,18,0,0
BRDA:199,18,1,0
BRDA:203,19,0,0
BRDA:203,19,1,0
BRDA:205,20,0,0
BRDA:205,20,1,0
BRDA:207,21,0,0
BRDA:207,21,1,0
BRDA:213,22,0,0
BRDA:213,22,1,0
BRDA:214,23,0,0
BRDA:214,23,1,0
BRDA:218,24,0,0
BRDA:218,24,1,0
BRDA:223,25,0,0
BRDA:223,25,1,0
BRDA:245,26,0,0
BRDA:245,26,1,0
BRDA:247,27,0,0
BRDA:247,27,1,0
BRDA:269,28,0,0
BRDA:269,28,1,0
BRDA:273,29,0,0
BRDA:273,29,1,0
BRDA:278,30,0,0
BRDA:278,30,1,0
BRDA:278,31,0,0
BRDA:278,31,1,0
BRDA:323,32,0,0
BRDA:323,32,1,0
BRDA:349,33,0,0
BRDA:349,33,1,0
BRDA:352,34,0,0
BRDA:352,34,1,0
BRDA:356,35,0,0
BRDA:356,35,1,0
BRDA:375,36,0,0
BRDA:375,36,1,0
BRF:73
BRH:0
end_of_record
TN:
SF:src/utils/formatting.ts
FN:26,applyCaseFormat
FN:35,(anonymous_1)
FN:61,formatFileSize
FN:102,calculateRelativeTime
FN:136,formatTimestamp
FN:194,escapeHtml
FN:219,buildStyleString
FN:254,formatCalloutMarkdown
FNF:8
FNH:8
FNDA:11,applyCaseFormat
FNDA:5,(anonymous_1)
FNDA:15,formatFileSize
FNDA:15,calculateRelativeTime
FNDA:12,formatTimestamp
FNDA:69,escapeHtml
FNDA:6,buildStyleString
FNDA:41,formatCalloutMarkdown
DA:27,11
DA:29,3
DA:32,2
DA:35,5
DA:38,2
DA:41,1
DA:62,15
DA:64,14
DA:66,2
DA:69,3
DA:72,2
DA:75,1
DA:79,6
DA:80,6
DA:81,6
DA:82,6
DA:83,6
DA:103,15
DA:104,15
DA:106,15
DA:107,15
DA:108,15
DA:109,15
DA:110,15
DA:111,15
DA:112,15
DA:114,15
DA:115,13
DA:116,11
DA:117,9
DA:118,7
DA:119,3
DA:121,1
DA:137,12
DA:139,11
DA:141,11
DA:143,1
DA:146,3
DA:155,3
DA:158,1
DA:165,1
DA:171,2
DA:174,0
DA:195,69
DA:220,6
DA:222,6
DA:223,3
DA:226,6
DA:227,3
DA:230,6
DA:231,2
DA:234,6
DA:255,41
DA:258,40
DA:262,40
DA:265,40
DA:268,40
DA:271,40
DA:273,40
LF:59
LH:58
BRDA:27,0,0,3
BRDA:27,0,1,2
BRDA:27,0,2,3
BRDA:27,0,3,2
BRDA:27,0,4,1
BRDA:61,1,0,15
BRDA:62,2,0,1
BRDA:62,2,1,14
BRDA:64,3,0,14
BRDA:64,3,1,3
BRDA:64,3,2,2
BRDA:64,3,3,1
BRDA:64,3,4,6
BRDA:64,3,5,6
BRDA:82,4,0,4
BRDA:82,4,1,2
BRDA:114,5,0,2
BRDA:114,5,1,13
BRDA:114,6,0,1
BRDA:114,6,1,1
BRDA:115,7,0,2
BRDA:115,7,1,11
BRDA:115,8,0,1
BRDA:115,8,1,1
BRDA:116,9,0,2
BRDA:116,9,1,9
BRDA:116,10,0,1
BRDA:116,10,1,1
BRDA:117,11,0,2
BRDA:117,11,1,7
BRDA:117,12,0,1
BRDA:117,12,1,1
BRDA:118,13,0,4
BRDA:118,13,1,3
BRDA:118,14,0,1
BRDA:118,14,1,3
BRDA:119,15,0,2
BRDA:119,15,1,1
BRDA:119,16,0,1
BRDA:119,16,1,1
BRDA:136,17,0,12
BRDA:137,18,0,1
BRDA:137,18,1,11
BRDA:141,19,0,1
BRDA:141,19,1,3
BRDA:141,19,2,3
BRDA:141,19,3,1
BRDA:141,19,4,1
BRDA:141,19,5,2
BRDA:141,19,6,0
BRDA:222,20,0,3
BRDA:222,20,1,3
BRDA:226,21,0,3
BRDA:226,21,1,3
BRDA:230,22,0,2
BRDA:230,22,1,4
BRDA:255,23,0,1
BRDA:255,23,1,40
BRF:58
BRH:57
end_of_record
TN:
SF:src/utils/index.ts
FNF:0
FNH:0
LF:0
LH:0
BRF:0
BRH:0
end_of_record
TN:
SF:src/utils/template.ts
FN:37,parseTemplateVariable
FN:67,getTextFieldValue
FN:96,getSizeFieldValue
FN:108,getDateFieldValue
FN:125,resolveTemplateVariable
FN:188,replaceTemplateVariables
FN:190,(anonymous_6)
FN:202,containsTemplateVariables
FNF:8
FNH:8
FNDA:27,parseTemplateVariable
FNDA:13,getTextFieldValue
FNDA:7,getSizeFieldValue
FNDA:5,getDateFieldValue
FNDA:27,resolveTemplateVariable
FNDA:27,replaceTemplateVariables
FNDA:27,(anonymous_6)
FNDA:5,containsTemplateVariables
DA:38,27
DA:40,27
DA:41,15
DA:44,12
DA:57,4
DA:62,4
DA:72,13
DA:80,13
DA:81,0
DA:84,13
DA:86,13
DA:87,4
DA:90,13
DA:97,7
DA:98,1
DA:101,6
DA:102,7
DA:109,5
DA:110,2
DA:113,3
DA:114,5
DA:131,27
DA:132,13
DA:133,13
DA:137,14
DA:138,7
DA:142,7
DA:143,3
DA:146,4
DA:147,2
DA:151,2
DA:190,27
DA:191,27
DA:192,27
DA:203,5
LF:35
LH:34
BRDA:40,0,0,15
BRDA:40,0,1,12
BRDA:80,1,0,0
BRDA:80,1,1,13
BRDA:86,2,0,4
BRDA:86,2,1,9
BRDA:86,3,0,13
BRDA:86,3,1,4
BRDA:97,4,0,1
BRDA:97,4,1,6
BRDA:101,5,0,6
BRDA:101,5,1,2
BRDA:109,6,0,2
BRDA:109,6,1,3
BRDA:113,7,0,3
BRDA:113,7,1,0
BRDA:131,8,0,13
BRDA:131,8,1,14
BRDA:133,9,0,13
BRDA:133,9,1,0
BRDA:137,10,0,7
BRDA:137,10,1,7
BRDA:138,11,0,7
BRDA:138,11,1,0
BRDA:142,12,0,3
BRDA:142,12,1,4
BRDA:143,13,0,3
BRDA:143,13,1,0
BRDA:146,14,0,2
BRDA:146,14,1,2
BRDA:147,15,0,2
BRDA:147,15,1,0
BRDA:151,16,0,1
BRDA:151,16,1,1
BRF:34
BRH:28
end_of_record
